<?xml version="1.0" ?>
<coverage version="5.5" timestamp="1632135108385" lines-valid="207" lines-covered="174" line-rate="0.8406" branches-valid="22" branches-covered="11" branch-rate="0.5" complexity="0">
    <!-- Generated by coverage.py: https://coverage.readthedocs.io -->
    <!-- Based on https://raw.githubusercontent.com/cobertura/web/master/htdocs/xml/coverage-04.dtd -->
    <sources>
        <source>/mnt/sda1/Development/Python/AllianceAuth/AllianceAuth/aa-bulletin-board/aa_bulletin_board</source>
    </sources>
    <packages>
        <package name="." line-rate="0.8406" branch-rate="0.5" complexity="0">
            <classes>
                <class name="__init__.py" filename="__init__.py" complexity="0" line-rate="1" branch-rate="1">
                    <methods/>
                    <lines>
                        <line number="5" hits="1"/>
                        <line number="7" hits="1"/>
                        <line number="8" hits="1"/>
                    </lines>
                </class>
                <class name="apps.py" filename="apps.py" complexity="0" line-rate="1" branch-rate="1">
                    <methods/>
                    <lines>
                        <line number="5" hits="1"/>
                        <line number="7" hits="1"/>
                        <line number="10" hits="1"/>
                        <line number="15" hits="1"/>
                        <line number="16" hits="1"/>
                        <line number="17" hits="1"/>
                    </lines>
                </class>
                <class name="auth_hooks.py" filename="auth_hooks.py" complexity="0" line-rate="0.9412" branch-rate="0.5">
                    <methods/>
                    <lines>
                        <line number="5" hits="1"/>
                        <line number="7" hits="1"/>
                        <line number="8" hits="1"/>
                        <line number="10" hits="1"/>
                        <line number="13" hits="1"/>
                        <line number="18" hits="1"/>
                        <line number="23" hits="1"/>
                        <line number="31" hits="1"/>
                        <line number="38" hits="1" branch="true" condition-coverage="50% (1/2)" missing-branches="41"/>
                        <line number="39" hits="1"/>
                        <line number="41" hits="0"/>
                        <line number="44" hits="1"/>
                        <line number="45" hits="1"/>
                        <line number="51" hits="1"/>
                        <line number="54" hits="1"/>
                        <line number="55" hits="1"/>
                        <line number="61" hits="1"/>
                    </lines>
                </class>
                <class name="forms.py" filename="forms.py" complexity="0" line-rate="0.9394" branch-rate="0.6667">
                    <methods/>
                    <lines>
                        <line number="5" hits="1"/>
                        <line number="7" hits="1"/>
                        <line number="8" hits="1"/>
                        <line number="9" hits="1"/>
                        <line number="10" hits="1"/>
                        <line number="12" hits="1"/>
                        <line number="15" hits="1"/>
                        <line number="21" hits="1"/>
                        <line number="22" hits="1" branch="true" condition-coverage="50% (1/2)" missing-branches="23"/>
                        <line number="23" hits="0"/>
                        <line number="25" hits="1"/>
                        <line number="27" hits="1" branch="true" condition-coverage="100% (2/2)"/>
                        <line number="28" hits="1"/>
                        <line number="31" hits="1"/>
                        <line number="37" hits="1"/>
                        <line number="39" hits="1"/>
                        <line number="40" hits="1"/>
                        <line number="42" hits="1"/>
                        <line number="43" hits="1"/>
                        <line number="44" hits="1"/>
                        <line number="46" hits="1"/>
                        <line number="49" hits="1"/>
                        <line number="54" hits="1"/>
                        <line number="56" hits="1"/>
                        <line number="63" hits="1"/>
                        <line number="73" hits="1"/>
                        <line number="74" hits="1"/>
                        <line number="76" hits="1"/>
                        <line number="78" hits="1" branch="true" condition-coverage="50% (1/2)" missing-branches="79"/>
                        <line number="79" hits="0"/>
                        <line number="81" hits="1"/>
                        <line number="82" hits="1"/>
                        <line number="83" hits="1"/>
                    </lines>
                </class>
                <class name="helpers.py" filename="helpers.py" complexity="0" line-rate="1" branch-rate="1">
                    <methods/>
                    <lines>
                        <line number="5" hits="1"/>
                        <line number="8" hits="1"/>
                        <line number="15" hits="1"/>
                        <line number="16" hits="1"/>
                        <line number="17" hits="1"/>
                        <line number="20" hits="1"/>
                        <line number="21" hits="1"/>
                        <line number="22" hits="1"/>
                        <line number="24" hits="1"/>
                    </lines>
                </class>
                <class name="managers.py" filename="managers.py" complexity="0" line-rate="1" branch-rate="1">
                    <methods/>
                    <lines>
                        <line number="5" hits="1"/>
                        <line number="6" hits="1"/>
                        <line number="7" hits="1"/>
                        <line number="10" hits="1"/>
                        <line number="11" hits="1"/>
                        <line number="17" hits="1" branch="true" condition-coverage="100% (2/2)"/>
                        <line number="18" hits="1"/>
                        <line number="21" hits="1"/>
                        <line number="26" hits="1"/>
                        <line number="31" hits="1"/>
                        <line number="34" hits="1"/>
                    </lines>
                </class>
                <class name="models.py" filename="models.py" complexity="0" line-rate="0.9111" branch-rate="0.5">
                    <methods/>
                    <lines>
                        <line number="4" hits="1"/>
                        <line number="5" hits="1"/>
                        <line number="7" hits="1"/>
                        <line number="8" hits="1"/>
                        <line number="9" hits="1"/>
                        <line number="10" hits="1"/>
                        <line number="12" hits="1"/>
                        <line number="13" hits="1"/>
                        <line number="16" hits="1"/>
                        <line number="22" hits="0"/>
                        <line number="25" hits="1"/>
                        <line number="32" hits="1"/>
                        <line number="33" hits="1"/>
                        <line number="35" hits="1" branch="true" condition-coverage="50% (1/2)" missing-branches="36"/>
                        <line number="36" hits="0"/>
                        <line number="37" hits="0"/>
                        <line number="41" hits="1"/>
                        <line number="44" hits="1"/>
                        <line number="49" hits="1"/>
                        <line number="50" hits="1"/>
                        <line number="51" hits="1"/>
                        <line number="52" hits="1"/>
                        <line number="53" hits="1"/>
                        <line number="59" hits="1"/>
                        <line number="64" hits="1"/>
                        <line number="65" hits="1"/>
                        <line number="66" hits="1"/>
                        <line number="67" hits="1"/>
                        <line number="68" hits="1"/>
                        <line number="69" hits="1"/>
                        <line number="77" hits="1"/>
                        <line number="83" hits="1"/>
                        <line number="85" hits="1"/>
                        <line number="90" hits="1"/>
                        <line number="91" hits="1"/>
                        <line number="92" hits="1"/>
                        <line number="94" hits="1"/>
                        <line number="95" hits="0"/>
                        <line number="97" hits="1"/>
                        <line number="98" hits="1"/>
                        <line number="103" hits="1"/>
                        <line number="105" hits="1" branch="true" condition-coverage="50% (1/2)" missing-branches="109"/>
                        <line number="106" hits="1"/>
                        <line number="107" hits="1"/>
                        <line number="109" hits="1"/>
                    </lines>
                </class>
                <class name="urls.py" filename="urls.py" complexity="0" line-rate="1" branch-rate="1">
                    <methods/>
                    <lines>
                        <line number="5" hits="1"/>
                        <line number="7" hits="1"/>
                        <line number="9" hits="1"/>
                        <line number="11" hits="1"/>
                    </lines>
                </class>
                <class name="views.py" filename="views.py" complexity="0" line-rate="0.6709" branch-rate="0.25">
                    <methods/>
                    <lines>
                        <line number="5" hits="1"/>
                        <line number="6" hits="1"/>
                        <line number="7" hits="1"/>
                        <line number="8" hits="1"/>
                        <line number="9" hits="1"/>
                        <line number="10" hits="1"/>
                        <line number="11" hits="1"/>
                        <line number="13" hits="1"/>
                        <line number="16" hits="1"/>
                        <line number="17" hits="1"/>
                        <line number="18" hits="1"/>
                        <line number="23" hits="1"/>
                        <line number="30" hits="1"/>
                        <line number="32" hits="1"/>
                        <line number="35" hits="1"/>
                        <line number="36" hits="1"/>
                        <line number="37" hits="1"/>
                        <line number="44" hits="1" branch="true" condition-coverage="50% (1/2)" missing-branches="46"/>
                        <line number="46" hits="0"/>
                        <line number="49" hits="0" branch="true" condition-coverage="0% (0/2)" missing-branches="50,74"/>
                        <line number="50" hits="0"/>
                        <line number="51" hits="0"/>
                        <line number="52" hits="0"/>
                        <line number="54" hits="0"/>
                        <line number="55" hits="0"/>
                        <line number="56" hits="0"/>
                        <line number="57" hits="0"/>
                        <line number="58" hits="0"/>
                        <line number="59" hits="0"/>
                        <line number="61" hits="0"/>
                        <line number="63" hits="0"/>
                        <line number="70" hits="0"/>
                        <line number="72" hits="1"/>
                        <line number="74" hits="1"/>
                        <line number="79" hits="1"/>
                        <line number="82" hits="1"/>
                        <line number="83" hits="1"/>
                        <line number="84" hits="1"/>
                        <line number="89" hits="1"/>
                        <line number="90" hits="1"/>
                        <line number="91" hits="1"/>
                        <line number="93" hits="1"/>
                        <line number="94" hits="1"/>
                        <line number="95" hits="1"/>
                        <line number="103" hits="1"/>
                        <line number="106" hits="1"/>
                        <line number="107" hits="1"/>
                        <line number="108" hits="1"/>
                        <line number="116" hits="1"/>
                        <line number="117" hits="1"/>
                        <line number="119" hits="1" branch="true" condition-coverage="50% (1/2)" missing-branches="121"/>
                        <line number="121" hits="0"/>
                        <line number="124" hits="0" branch="true" condition-coverage="0% (0/2)" missing-branches="125,146"/>
                        <line number="125" hits="0"/>
                        <line number="126" hits="0"/>
                        <line number="127" hits="0"/>
                        <line number="129" hits="0"/>
                        <line number="130" hits="0"/>
                        <line number="131" hits="0"/>
                        <line number="132" hits="0"/>
                        <line number="133" hits="0"/>
                        <line number="135" hits="0"/>
                        <line number="142" hits="0"/>
                        <line number="144" hits="1"/>
                        <line number="146" hits="1"/>
                        <line number="152" hits="1"/>
                        <line number="153" hits="1"/>
                        <line number="154" hits="1"/>
                        <line number="159" hits="1"/>
                        <line number="162" hits="1"/>
                        <line number="163" hits="1"/>
                        <line number="164" hits="1"/>
                        <line number="172" hits="1"/>
                        <line number="173" hits="1"/>
                        <line number="175" hits="1"/>
                        <line number="182" hits="1"/>
                        <line number="183" hits="1"/>
                        <line number="184" hits="1"/>
                        <line number="189" hits="1"/>
                    </lines>
                </class>
            </classes>
        </package>
    </packages>
</coverage>
